Using pre-set license
Built from '2020.3/staging' branch; Version is '2020.3.25f1 (9b9180224418) revision 10195328'; Using compiler version '192528614'; Build Type 'Release'
OS: 'Windows 7  (6.1.0) 64bit Professional' Language: 'ru' Physical Memory: 16328 MB
BatchMode: 1, IsHumanControllingUs: 0, StartBugReporterOnCrash: 0, Is64bit: 1, IsPro: 0

COMMAND LINE ARGUMENTS:
C:\Program Files\Unity\Hub\Editor\2020.3.25f1\Editor\Unity.exe
-adb2
-batchMode
-noUpm
-name
AssetImportWorker0
-projectPath
D:/OAOSZ/Cloud Mail.Ru/Unity/Zenva/ZenvaProjects/UnityMicro/UnityMicroProjects
-logFile
Logs/AssetImportWorker0.log
-srvPort
62747
Successfully changed project path to: D:/OAOSZ/Cloud Mail.Ru/Unity/Zenva/ZenvaProjects/UnityMicro/UnityMicroProjects
D:/OAOSZ/Cloud Mail.Ru/Unity/Zenva/ZenvaProjects/UnityMicro/UnityMicroProjects
Using Asset Import Pipeline V2.
Refreshing native plugins compatible for Editor in 31.03 ms, found 2 plugins.
Preloading 0 native plugins for Editor in 0.00 ms.
Initialize engine version: 2020.3.25f1 (9b9180224418)
[Subsystems] Discovering subsystems at path C:/Program Files/Unity/Hub/Editor/2020.3.25f1/Editor/Data/Resources/UnitySubsystems
[Subsystems] Discovering subsystems at path D:/OAOSZ/Cloud Mail.Ru/Unity/Zenva/ZenvaProjects/UnityMicro/UnityMicroProjects/Assets
GfxDevice: creating device client; threaded=0
d3d11: CreateDXGIFactory2(...) not found, fallbacking to CreateDXGIFactory1(...).
d3d11: QueryInterface(IDXGIFactory5) failed (80004002).
Direct3D:
    Version:  Direct3D 11.0 [level 11.0]
    Renderer: NVIDIA GeForce GT 710 (ID=0x128b)
    Vendor:   
    VRAM:     963 MB
    Driver:   30.0.14.7212
Initialize mono
Mono path[0] = 'C:/Program Files/Unity/Hub/Editor/2020.3.25f1/Editor/Data/Managed'
Mono path[1] = 'C:/Program Files/Unity/Hub/Editor/2020.3.25f1/Editor/Data/MonoBleedingEdge/lib/mono/unityjit'
Mono config path = 'C:/Program Files/Unity/Hub/Editor/2020.3.25f1/Editor/Data/MonoBleedingEdge/etc'
Using monoOptions --debugger-agent=transport=dt_socket,embedding=1,server=y,suspend=n,address=127.0.0.1:56324
Begin MonoManager ReloadAssembly
Registering precompiled unity dll's ...
Register platform support module: C:/Program Files/Unity/Hub/Editor/2020.3.25f1/Editor/Data/PlaybackEngines/WebGLSupport/UnityEditor.WebGL.Extensions.dll
Register platform support module: C:/Program Files/Unity/Hub/Editor/2020.3.25f1/Editor/Data/PlaybackEngines/WindowsStandaloneSupport/UnityEditor.WindowsStandalone.Extensions.dll
Registered in 0.001801 seconds.
Native extension for WindowsStandalone target not found
Native extension for WebGL target not found
Refreshing native plugins compatible for Editor in 32.91 ms, found 2 plugins.
Preloading 0 native plugins for Editor in 0.00 ms.
Mono: successfully reloaded assembly
- Completed reload, in  0.602 seconds
Domain Reload Profiling:
	ReloadAssembly (602ms)
		BeginReloadAssembly (54ms)
			ExecutionOrderSort (0ms)
			DisableScriptedObjects (0ms)
			BackupInstance (0ms)
			ReleaseScriptingObjects (0ms)
			CreateAndSetChildDomain (1ms)
		EndReloadAssembly (459ms)
			LoadAssemblies (53ms)
			RebuildTransferFunctionScriptingTraits (0ms)
			SetupTypeCache (152ms)
			ReleaseScriptCaches (0ms)
			RebuildScriptCaches (34ms)
			SetupLoadedEditorAssemblies (166ms)
				LogAssemblyErrors (0ms)
				InitializePlatformSupportModulesInManaged (5ms)
				SetLoadedEditorAssemblies (1ms)
				RefreshPlugins (33ms)
				BeforeProcessingInitializeOnLoad (14ms)
				ProcessInitializeOnLoadAttributes (85ms)
				ProcessInitializeOnLoadMethodAttributes (29ms)
				AfterProcessingInitializeOnLoad (0ms)
				EditorAssembliesLoaded (0ms)
			ExecutionOrderSort2 (0ms)
			AwakeInstancesAfterBackupRestoration (0ms)
Platform modules already initialized, skipping
Registering precompiled user dll's ...
Registered in 0.002259 seconds.
Begin MonoManager ReloadAssembly
Native extension for WindowsStandalone target not found
Native extension for WebGL target not found
Refreshing native plugins compatible for Editor in 0.32 ms, found 2 plugins.
Preloading 0 native plugins for Editor in 0.00 ms.
Mono: successfully reloaded assembly
- Completed reload, in  1.271 seconds
Domain Reload Profiling:
	ReloadAssembly (1272ms)
		BeginReloadAssembly (144ms)
			ExecutionOrderSort (0ms)
			DisableScriptedObjects (5ms)
			BackupInstance (0ms)
			ReleaseScriptingObjects (0ms)
			CreateAndSetChildDomain (15ms)
		EndReloadAssembly (1072ms)
			LoadAssemblies (339ms)
			RebuildTransferFunctionScriptingTraits (0ms)
			SetupTypeCache (278ms)
			ReleaseScriptCaches (0ms)
			RebuildScriptCaches (39ms)
			SetupLoadedEditorAssemblies (318ms)
				LogAssemblyErrors (0ms)
				InitializePlatformSupportModulesInManaged (5ms)
				SetLoadedEditorAssemblies (1ms)
				RefreshPlugins (0ms)
				BeforeProcessingInitializeOnLoad (82ms)
				ProcessInitializeOnLoadAttributes (217ms)
				ProcessInitializeOnLoadMethodAttributes (8ms)
				AfterProcessingInitializeOnLoad (5ms)
				EditorAssembliesLoaded (0ms)
			ExecutionOrderSort2 (0ms)
			AwakeInstancesAfterBackupRestoration (6ms)
Platform modules already initialized, skipping
========================================================================
Worker process is ready to serve import requests
Launched and connected shader compiler UnityShaderCompiler.exe after 0.03 seconds
Refreshing native plugins compatible for Editor in 0.32 ms, found 2 plugins.
Preloading 0 native plugins for Editor in 0.00 ms.
Unloading 1516 Unused Serialized files (Serialized files now loaded: 0)
System memory in use before: 70.1 MB.
System memory in use after: 70.2 MB.

Unloading 19 unused Assets to reduce memory usage. Loaded Objects now: 1948.
Total: 2.621344 ms (FindLiveObjects: 0.139074 ms CreateObjectMapping: 0.049036 ms MarkObjects: 2.371178 ms  DeleteObjects: 0.060395 ms)

AssetImportParameters requested are different than current active one (requested -> active):
  custom:framework-win-MediaFoundation: 216162199b28c13a410421893ffa2e32 -> 
  custom:video-decoder-ogg-theora: a1e56fd34408186e4bbccfd4996cb3dc -> 
  custom:container-muxer-webm: aa71ff27fc2769a1b78a27578f13a17b -> 
  custom:container-demuxer-webm: 4f35f7cbe854078d1ac9338744f61a02 -> 
  custom:container-demuxer-ogg: 62fdf1f143b41e24485cea50d1cbac27 -> 
  custom:video-encoder-webm-vp8: eb34c28f22e8b96e1ab97ce403110664 -> 
  custom:video-decoder-webm-vp8: 9c59270c3fd7afecdb556c50c9e8de78 -> 
  custom:audio-decoder-ogg-vorbis: bf7c407c2cedff20999df2af8eb42d56 -> 
  custom:audio-encoder-webm-vorbis: bf7c407c2cedff20999df2af8eb42d56 -> 
========================================================================
Received Import Request.
  path: Assets/Bowling
  artifactKey: Guid(352952cb2efbe344f8c8c4fbb30d8072) Importer(815301076,1909f56bfc062723c751e8b465ee728b)
Start importing Assets/Bowling using Guid(352952cb2efbe344f8c8c4fbb30d8072) Importer(815301076,1909f56bfc062723c751e8b465ee728b)  -> (artifact id: 'f5174bd41d6c5fad4f785ba275c3469f') in 0.003533 seconds 
  Import took 0.005763 seconds .

========================================================================
Received Import Request.
  Time since last request: 6.711757 seconds.
  path: Assets/Bowling/Bowling.unity
  artifactKey: Guid(483d9e0cfc171924daac875fe8af7d43) Importer(815301076,1909f56bfc062723c751e8b465ee728b)
Start importing Assets/Bowling/Bowling.unity using Guid(483d9e0cfc171924daac875fe8af7d43) Importer(815301076,1909f56bfc062723c751e8b465ee728b)  -> (artifact id: '0d8d667d7bf15023dfa087efab26f788') in 0.011566 seconds 
  Import took 0.013876 seconds .

========================================================================
Received Import Request.
  Time since last request: 190.337096 seconds.
  path: Assets/Bowling/Ground.mat
  artifactKey: Guid(01e0e59d84876904fbe0d90308c38fbc) Importer(815301076,1909f56bfc062723c751e8b465ee728b)
Start importing Assets/Bowling/Ground.mat using Guid(01e0e59d84876904fbe0d90308c38fbc) Importer(815301076,1909f56bfc062723c751e8b465ee728b)  -> (artifact id: 'e73b88d908644c51c15b1f57d074cf3d') in 0.177309 seconds 
  Import took 0.179943 seconds .

========================================================================
Received Import Request.
  Time since last request: 8.000649 seconds.
  path: Assets/Bowling/Railing.mat
  artifactKey: Guid(09398e308f083c749b16550049edb6fd) Importer(815301076,1909f56bfc062723c751e8b465ee728b)
Start importing Assets/Bowling/Railing.mat using Guid(09398e308f083c749b16550049edb6fd) Importer(815301076,1909f56bfc062723c751e8b465ee728b)  -> (artifact id: '61264fd9bd06e5c74bc23a951cb1c889') in 0.018843 seconds 
  Import took 0.021934 seconds .

========================================================================
Received Import Request.
  Time since last request: 52.090537 seconds.
  path: Assets/Bowling/Ground.mat
  artifactKey: Guid(01e0e59d84876904fbe0d90308c38fbc) Importer(815301076,1909f56bfc062723c751e8b465ee728b)
Start importing Assets/Bowling/Ground.mat using Guid(01e0e59d84876904fbe0d90308c38fbc) Importer(815301076,1909f56bfc062723c751e8b465ee728b)  -> (artifact id: '799b8ced723e1b1c0b9da498ca623af3') in 0.010950 seconds 
  Import took 0.014238 seconds .

========================================================================
Received Import Request.
  Time since last request: 0.000246 seconds.
  path: Assets/Bowling/Railing.mat
  artifactKey: Guid(09398e308f083c749b16550049edb6fd) Importer(815301076,1909f56bfc062723c751e8b465ee728b)
Start importing Assets/Bowling/Railing.mat using Guid(09398e308f083c749b16550049edb6fd) Importer(815301076,1909f56bfc062723c751e8b465ee728b)  -> (artifact id: '710e52bfbc876d8ee7b691b2a88a5382') in 0.015275 seconds 
  Import took 0.018834 seconds .

========================================================================
Received Import Request.
  Time since last request: 1096.625178 seconds.
  path: Assets/Bowling/BawlingBall.mat
  artifactKey: Guid(a7c4effef6514204dbaf7669a610b89f) Importer(815301076,1909f56bfc062723c751e8b465ee728b)
Start importing Assets/Bowling/BawlingBall.mat using Guid(a7c4effef6514204dbaf7669a610b89f) Importer(815301076,1909f56bfc062723c751e8b465ee728b)  -> (artifact id: '0a847a7135a72c046930567ba89cf506') in 0.022023 seconds 
  Import took 0.026924 seconds .

========================================================================
Received Import Request.
  Time since last request: 154.357139 seconds.
  path: Assets/Bowling/BawlingBall.mat
  artifactKey: Guid(a7c4effef6514204dbaf7669a610b89f) Importer(815301076,1909f56bfc062723c751e8b465ee728b)
Start importing Assets/Bowling/BawlingBall.mat using Guid(a7c4effef6514204dbaf7669a610b89f) Importer(815301076,1909f56bfc062723c751e8b465ee728b)  -> (artifact id: 'acdf0d0e96cdb7b88bc79b3218af519c') in 0.012765 seconds 
  Import took 0.016241 seconds .

